#
# A fatal error has been detected by the Java Runtime Environment:
#
#  Internal Error (sharedRuntime.cpp:532), pid=2254, tid=6147
#  Error: ShouldNotReachHere()
#
# JRE version: OpenJDK Runtime Environment Zulu16.30+15-CA (16.0.1+9) (build 16.0.1+9)
# Java VM: OpenJDK 64-Bit Server VM Zulu16.30+15-CA (16.0.1+9, mixed mode, tiered, compressed oops, compressed class ptrs, g1 gc, bsd-aarch64)
# No core dump will be written. Core dumps have been disabled. To enable core dumping, try "ulimit -c unlimited" before starting Java again
#
# If you would like to submit a bug report, please visit:
#   http://www.azulsystems.com/support/
#

---------------  S U M M A R Y ------------

Command Line: -javaagent:/Applications/IntelliJ IDEA CE.app/Contents/lib/idea_rt.jar=58637:/Applications/IntelliJ IDEA CE.app/Contents/bin -Dfile.encoding=UTF-8 com.example.rajkonkret.DatabaseDemo.DatabaseDemoApplication

Host: MacBookAir10,1 arm64 1 MHz, 8 cores, 8G, Darwin 20.5.0, macOS 11.4 (20F71)
Time: Sun Jun 13 17:53:26 2021 CEST elapsed time: 0.283658 seconds (0d 0h 0m 0s)

---------------  T H R E A D  ---------------

Current thread (0x0000000140008e00):  JavaThread "main" [_thread_in_Java, id=6147, stack(0x000000016af84000,0x000000016b187000)]

Stack: [0x000000016af84000,0x000000016b187000],  sp=0x000000016b184450,  free space=2049k
Native frames: (J=compiled Java code, A=aot compiled Java code, j=interpreted, Vv=VM code, C=native code)
V  [libjvm.dylib+0x9abf04]  _ZN7VMError14report_and_dieEiPKcS1_PcP6ThreadPhPvS6_S1_im+0x46c
V  [libjvm.dylib+0x9ac658]  _ZN7VMError14report_and_dieEP6ThreadPvPKciS4_S4_Pc+0x40
V  [libjvm.dylib+0x2a9ab0]  _Z15report_vm_errorPKciS0_S0_z+0x5c
V  [libjvm.dylib+0x2a9c84]  _Z28report_should_not_reach_herePKci+0x2c
V  [libjvm.dylib+0x81380c]  _ZN13SharedRuntime40raw_exception_handler_for_return_addressEP10JavaThreadPh+0x178
V  [libjvm.dylib+0x8138b0]  _ZN13SharedRuntime36exception_handler_for_return_addressEP10JavaThreadPh+0x28
v  ~StubRoutines::forward exception
j  java.lang.Class.forName(Ljava/lang/String;ZLjava/lang/ClassLoader;)Ljava/lang/Class;+43 java.base@16.0.1
j  sun.security.provider.PolicyFile.getInstance(Ljava/lang/String;Ljava/lang/String;Ljava/lang/String;)Ljava/security/Permission;+3 java.base@16.0.1
j  sun.security.provider.PolicyFile.addGrantEntry(Lsun/security/provider/PolicyParser$GrantEntry;Ljava/security/KeyStore;Lsun/security/provider/PolicyFile$PolicyInfo;)V+388 java.base@16.0.1
j  sun.security.provider.PolicyFile.initDefaultPolicy(Lsun/security/provider/PolicyFile$PolicyInfo;)V+115 java.base@16.0.1
j  sun.security.provider.PolicyFile$2.run()Ljava/lang/Void;+8 java.base@16.0.1
j  sun.security.provider.PolicyFile$2.run()Ljava/lang/Object;+1 java.base@16.0.1
j  java.security.AccessController.executePrivileged(Ljava/security/PrivilegedAction;Ljava/security/AccessControlContext;Ljava/lang/Class;)Ljava/lang/Object;+29 java.base@16.0.1
j  java.security.AccessController.doPrivileged(Ljava/security/PrivilegedAction;)Ljava/lang/Object;+5 java.base@16.0.1
j  sun.security.provider.PolicyFile.initPolicyFile(Lsun/security/provider/PolicyFile$PolicyInfo;Ljava/net/URL;)V+9 java.base@16.0.1
j  sun.security.provider.PolicyFile.init(Ljava/net/URL;)V+50 java.base@16.0.1
j  sun.security.provider.PolicyFile.<init>()V+24 java.base@16.0.1
j  java.security.Policy.loadPolicyProvider()Ljava/security/Policy;+38 java.base@16.0.1
j  java.security.Policy.getPolicyNoCheck()Ljava/security/Policy;+34 java.base@16.0.1
j  java.security.ProtectionDomain.implies(Ljava/security/Permission;)Z+16 java.base@16.0.1
j  java.security.ProtectionDomain.impliesWithAltFilePerm(Ljava/security/Permission;)Z+23 java.base@16.0.1
j  java.security.AccessControlContext.checkPermission(Ljava/security/Permission;)V+323 java.base@16.0.1
j  java.security.AccessController.checkPermission(Ljava/security/Permission;)V+161 java.base@16.0.1
j  ch.qos.logback.core.util.Loader$1.run()Ljava/lang/Boolean;+9
j  ch.qos.logback.core.util.Loader$1.run()Ljava/lang/Object;+1
j  java.security.AccessController.executePrivileged(Ljava/security/PrivilegedAction;Ljava/security/AccessControlContext;Ljava/lang/Class;)Ljava/lang/Object;+29 java.base@16.0.1
j  java.security.AccessController.doPrivileged(Ljava/security/PrivilegedAction;)Ljava/lang/Object;+5 java.base@16.0.1
j  ch.qos.logback.core.util.Loader.<clinit>()V+34
v  ~StubRoutines::call_stub
V  [libjvm.dylib+0x43f6b8]  _ZN9JavaCalls11call_helperEP9JavaValueRK12methodHandleP17JavaCallArgumentsP6Thread+0x30c
V  [libjvm.dylib+0x421084]  _ZN13InstanceKlass22call_class_initializerEP6Thread+0x1e8
V  [libjvm.dylib+0x4207b0]  _ZN13InstanceKlass15initialize_implEP6Thread+0x57c
V  [libjvm.dylib+0x657db4]  _ZN12LinkResolver19resolve_static_callER8CallInfoRK8LinkInfobP6Thread+0x78
V  [libjvm.dylib+0x659d8c]  _ZN12LinkResolver14resolve_invokeER8CallInfo6HandleRK18constantPoolHandleiN9Bytecodes4CodeEP6Thread+0xac
V  [libjvm.dylib+0x4389d4]  _ZN18InterpreterRuntime14resolve_invokeEP10JavaThreadN9Bytecodes4CodeE+0x29c
V  [libjvm.dylib+0x438fd0]  _ZN18InterpreterRuntime18resolve_from_cacheEP10JavaThreadN9Bytecodes4CodeE+0x7c
j  ch.qos.logback.classic.util.ContextInitializer.findURLOfDefaultConfigurationFile(Z)Ljava/net/URL;+1
j  ch.qos.logback.classic.util.ContextInitializer.autoConfig()V+9
j  org.slf4j.impl.StaticLoggerBinder.init()V+11
j  org.slf4j.impl.StaticLoggerBinder.<clinit>()V+28
v  ~StubRoutines::call_stub
V  [libjvm.dylib+0x43f6b8]  _ZN9JavaCalls11call_helperEP9JavaValueRK12methodHandleP17JavaCallArgumentsP6Thread+0x30c
V  [libjvm.dylib+0x421084]  _ZN13InstanceKlass22call_class_initializerEP6Thread+0x1e8
V  [libjvm.dylib+0x4207b0]  _ZN13InstanceKlass15initialize_implEP6Thread+0x57c
V  [libjvm.dylib+0x657db4]  _ZN12LinkResolver19resolve_static_callER8CallInfoRK8LinkInfobP6Thread+0x78
V  [libjvm.dylib+0x659d8c]  _ZN12LinkResolver14resolve_invokeER8CallInfo6HandleRK18constantPoolHandleiN9Bytecodes4CodeEP6Thread+0xac
V  [libjvm.dylib+0x4389d4]  _ZN18InterpreterRuntime14resolve_invokeEP10JavaThreadN9Bytecodes4CodeE+0x29c
V  [libjvm.dylib+0x438fd0]  _ZN18InterpreterRuntime18resolve_from_cacheEP10JavaThreadN9Bytecodes4CodeE+0x7c
j  org.slf4j.LoggerFactory.bind()V+16
j  org.slf4j.LoggerFactory.performInitialization()V+0
j  org.slf4j.LoggerFactory.getILoggerFactory()Lorg/slf4j/ILoggerFactory;+21
j  org.slf4j.LoggerFactory.getLogger(Ljava/lang/String;)Lorg/slf4j/Logger;+0
j  org.apache.commons.logging.LogAdapter$Slf4jAdapter.createLocationAwareLog(Ljava/lang/String;)Lorg/apache/commons/logging/Log;+1
j  org.apache.commons.logging.LogAdapter.createLog(Ljava/lang/String;)Lorg/apache/commons/logging/Log;+42
j  org.apache.commons.logging.LogFactory.getLog(Ljava/lang/String;)Lorg/apache/commons/logging/Log;+1
j  org.apache.commons.logging.LogFactory.getLog(Ljava/lang/Class;)Lorg/apache/commons/logging/Log;+4
j  org.springframework.boot.SpringApplication.<clinit>()V+2
v  ~StubRoutines::call_stub
V  [libjvm.dylib+0x43f6b8]  _ZN9JavaCalls11call_helperEP9JavaValueRK12methodHandleP17JavaCallArgumentsP6Thread+0x30c
V  [libjvm.dylib+0x421084]  _ZN13InstanceKlass22call_class_initializerEP6Thread+0x1e8
V  [libjvm.dylib+0x4207b0]  _ZN13InstanceKlass15initialize_implEP6Thread+0x57c
V  [libjvm.dylib+0x657db4]  _ZN12LinkResolver19resolve_static_callER8CallInfoRK8LinkInfobP6Thread+0x78
V  [libjvm.dylib+0x659d8c]  _ZN12LinkResolver14resolve_invokeER8CallInfo6HandleRK18constantPoolHandleiN9Bytecodes4CodeEP6Thread+0xac
V  [libjvm.dylib+0x4389d4]  _ZN18InterpreterRuntime14resolve_invokeEP10JavaThreadN9Bytecodes4CodeE+0x29c
V  [libjvm.dylib+0x438fd0]  _ZN18InterpreterRuntime18resolve_from_cacheEP10JavaThreadN9Bytecodes4CodeE+0x7c
j  com.example.rajkonkret.DatabaseDemo.DatabaseDemoApplication.main([Ljava/lang/String;)V+3
v  ~StubRoutines::call_stub
V  [libjvm.dylib+0x43f6b8]  _ZN9JavaCalls11call_helperEP9JavaValueRK12methodHandleP17JavaCallArgumentsP6Thread+0x30c
V  [libjvm.dylib+0x4a10fc]  _ZL17jni_invoke_staticP7JNIEnv_P9JavaValueP8_jobject11JNICallTypeP10_jmethodIDP18JNI_ArgumentPusherP6Thread+0x120
V  [libjvm.dylib+0x4a4510]  jni_CallStaticVoidMethod+0x120
C  [libjli.dylib+0x5430]  JavaMain+0x9d4
C  [libjli.dylib+0x778c]  ThreadJavaMain+0xc
C  [libsystem_pthread.dylib+0x7878]  _pthread_start+0x140


---------------  P R O C E S S  ---------------

Threads class SMR info:
_java_thread_list=0x0000000157f4ebd0, length=12, elements={
0x0000000140008e00, 0x000000015981f000, 0x0000000140037000, 0x000000015800f800,
0x000000015800f000, 0x0000000158019e00, 0x000000015801a400, 0x000000015801aa00,
0x000000015801b000, 0x0000000140067a00, 0x000000015801be00, 0x0000000158019800
}

Java Threads: ( => current thread )
=>0x0000000140008e00 JavaThread "main" [_thread_in_Java, id=6147, stack(0x000000016af84000,0x000000016b187000)]
  0x000000015981f000 JavaThread "Reference Handler" daemon [_thread_blocked, id=14083, stack(0x000000016bdd8000,0x000000016bfdb000)]
  0x0000000140037000 JavaThread "Finalizer" daemon [_thread_blocked, id=14339, stack(0x000000016bfe4000,0x000000016c1e7000)]
  0x000000015800f800 JavaThread "Signal Dispatcher" daemon [_thread_blocked, id=23299, stack(0x000000016c308000,0x000000016c50b000)]
  0x000000015800f000 JavaThread "Service Thread" daemon [_thread_blocked, id=43011, stack(0x000000016c514000,0x000000016c717000)]
  0x0000000158019e00 JavaThread "Monitor Deflation Thread" daemon [_thread_blocked, id=42499, stack(0x000000016c720000,0x000000016c923000)]
  0x000000015801a400 JavaThread "C2 CompilerThread0" daemon [_thread_blocked, id=41987, stack(0x000000016c92c000,0x000000016cb2f000)]
  0x000000015801aa00 JavaThread "C1 CompilerThread0" daemon [_thread_blocked, id=41475, stack(0x000000016cb38000,0x000000016cd3b000)]
  0x000000015801b000 JavaThread "Sweeper thread" daemon [_thread_blocked, id=23811, stack(0x000000016cd44000,0x000000016cf47000)]
  0x0000000140067a00 JavaThread "Common-Cleaner" daemon [_thread_blocked, id=41219, stack(0x000000016cf50000,0x000000016d153000)]
  0x000000015801be00 JavaThread "Monitor Ctrl-Break" daemon [_thread_in_native, id=40707, stack(0x000000016d15c000,0x000000016d35f000)]
  0x0000000158019800 JavaThread "Notification Thread" daemon [_thread_blocked, id=24579, stack(0x000000016d368000,0x000000016d56b000)]

Other Threads:
  0x0000000157f38060 VMThread "VM Thread" [stack: 0x000000016bbcc000,0x000000016bdcf000] [id=16899]
  0x0000000157f4fac0 WatcherThread [stack: 0x000000016d574000,0x000000016d777000] [id=24835]
  0x0000000159214bf0 GCTaskThread "GC Thread#0" [stack: 0x000000016b190000,0x000000016b393000] [id=19715]
  0x0000000157f069c0 ConcurrentGCThread "G1 Main Marker" [stack: 0x000000016b39c000,0x000000016b59f000] [id=12291]
  0x0000000157f078c0 ConcurrentGCThread "G1 Conc#0" [stack: 0x000000016b5a8000,0x000000016b7ab000] [id=13059]
  0x0000000157f23890 ConcurrentGCThread "G1 Refine#0" [stack: 0x000000016b7b4000,0x000000016b9b7000] [id=18435]
  0x0000000157f24750 ConcurrentGCThread "G1 Service" [stack: 0x000000016b9c0000,0x000000016bbc3000] [id=17923]

Threads with active compile tasks:

VM state: not at safepoint (normal execution)

VM Mutex/Monitor currently owned by a thread: None

Heap address: 0x0000000740000000, size: 2048 MB, Compressed Oops mode: Zero based, Oop shift amount: 3

Compressed class space mapped at: 0x0000000300000000-0x0000000340000000, reserved size: 1073741824
Narrow klass base: 0x0000000000000000, Narrow klass shift: 3, Narrow klass range: 0x340000000

GC Precious Log:
 CPUs: 8 total, 8 available
 Memory: 8192M
 Large Page Support: Disabled
 NUMA Support: Disabled
 Compressed Oops: Enabled (Zero based)
 Heap Region Size: 1M
 Heap Min Capacity: 8M
 Heap Initial Capacity: 128M
 Heap Max Capacity: 2G
 Pre-touch: Disabled
 Parallel Workers: 8
 Concurrent Workers: 2
 Concurrent Refinement Workers: 8
 Periodic GC: Disabled

Heap:
 garbage-first heap   total 131072K, used 8192K [0x0000000740000000, 0x00000007c0000000)
  region size 1024K, 9 young (9216K), 0 survivors (0K)
 Metaspace       used 8118K, committed 8256K, reserved 1056768K
  class space    used 701K, committed 768K, reserved 1048576K

Heap Regions: E=young(eden), S=young(survivor), O=old, HS=humongous(starts), HC=humongous(continues), CS=collection set, F=free, OA=open archive, CA=closed archive, TAMS=top-at-mark-start (previous, next)
|   0|0x0000000740000000, 0x0000000740100000, 0x0000000740100000|100%|HS|  |TAMS 0x0000000740000000, 0x0000000740000000| Complete 
|   1|0x0000000740100000, 0x0000000740100000, 0x0000000740200000|  0%| F|  |TAMS 0x0000000740100000, 0x0000000740100000| Untracked 
|   2|0x0000000740200000, 0x0000000740200000, 0x0000000740300000|  0%| F|  |TAMS 0x0000000740200000, 0x0000000740200000| Untracked 
|   3|0x0000000740300000, 0x0000000740300000, 0x0000000740400000|  0%| F|  |TAMS 0x0000000740300000, 0x0000000740300000| Untracked 
|   4|0x0000000740400000, 0x0000000740400000, 0x0000000740500000|  0%| F|  |TAMS 0x0000000740400000, 0x0000000740400000| Untracked 
|   5|0x0000000740500000, 0x0000000740500000, 0x0000000740600000|  0%| F|  |TAMS 0x0000000740500000, 0x0000000740500000| Untracked 
|   6|0x0000000740600000, 0x0000000740600000, 0x0000000740700000|  0%| F|  |TAMS 0x0000000740600000, 0x0000000740600000| Untracked 
|   7|0x0000000740700000, 0x0000000740700000, 0x0000000740800000|  0%| F|  |TAMS 0x0000000740700000, 0x0000000740700000| Untracked 
|   8|0x0000000740800000, 0x0000000740800000, 0x0000000740900000|  0%| F|  |TAMS 0x0000000740800000, 0x0000000740800000| Untracked 
|   9|0x0000000740900000, 0x0000000740900000, 0x0000000740a00000|  0%| F|  |TAMS 0x0000000740900000, 0x0000000740900000| Untracked 
|  10|0x0000000740a00000, 0x0000000740a00000, 0x0000000740b00000|  0%| F|  |TAMS 0x0000000740a00000, 0x0000000740a00000| Untracked 
|  11|0x0000000740b00000, 0x0000000740b00000, 0x0000000740c00000|  0%| F|  |TAMS 0x0000000740b00000, 0x0000000740b00000| Untracked 
|  12|0x0000000740c00000, 0x0000000740c00000, 0x0000000740d00000|  0%| F|  |TAMS 0x0000000740c00000, 0x0000000740c00000| Untracked 
|  13|0x0000000740d00000, 0x0000000740d00000, 0x0000000740e00000|  0%| F|  |TAMS 0x0000000740d00000, 0x0000000740d00000| Untracked 
|  14|0x0000000740e00000, 0x0000000740e00000, 0x0000000740f00000|  0%| F|  |TAMS 0x0000000740e00000, 0x0000000740e00000| Untracked 
|  15|0x0000000740f00000, 0x0000000740f00000, 0x0000000741000000|  0%| F|  |TAMS 0x0000000740f00000, 0x0000000740f00000| Untracked 
|  16|0x0000000741000000, 0x0000000741000000, 0x0000000741100000|  0%| F|  |TAMS 0x0000000741000000, 0x0000000741000000| Untracked 
|  17|0x0000000741100000, 0x0000000741100000, 0x0000000741200000|  0%| F|  |TAMS 0x0000000741100000, 0x0000000741100000| Untracked 
|  18|0x0000000741200000, 0x0000000741200000, 0x0000000741300000|  0%| F|  |TAMS 0x0000000741200000, 0x0000000741200000| Untracked 
|  19|0x0000000741300000, 0x0000000741300000, 0x0000000741400000|  0%| F|  |TAMS 0x0000000741300000, 0x0000000741300000| Untracked 
|  20|0x0000000741400000, 0x0000000741400000, 0x0000000741500000|  0%| F|  |TAMS 0x0000000741400000, 0x0000000741400000| Untracked 
|  21|0x0000000741500000, 0x0000000741500000, 0x0000000741600000|  0%| F|  |TAMS 0x0000000741500000, 0x0000000741500000| Untracked 
|  22|0x0000000741600000, 0x0000000741600000, 0x0000000741700000|  0%| F|  |TAMS 0x0000000741600000, 0x0000000741600000| Untracked 
|  23|0x0000000741700000, 0x0000000741700000, 0x0000000741800000|  0%| F|  |TAMS 0x0000000741700000, 0x0000000741700000| Untracked 
|  24|0x0000000741800000, 0x0000000741800000, 0x0000000741900000|  0%| F|  |TAMS 0x0000000741800000, 0x0000000741800000| Untracked 
|  25|0x0000000741900000, 0x0000000741900000, 0x0000000741a00000|  0%| F|  |TAMS 0x0000000741900000, 0x0000000741900000| Untracked 
|  26|0x0000000741a00000, 0x0000000741a00000, 0x0000000741b00000|  0%| F|  |TAMS 0x0000000741a00000, 0x0000000741a00000| Untracked 
|  27|0x0000000741b00000, 0x0000000741b00000, 0x0000000741c00000|  0%| F|  |TAMS 0x0000000741b00000, 0x0000000741b00000| Untracked 
|  28|0x0000000741c00000, 0x0000000741c00000, 0x0000000741d00000|  0%| F|  |TAMS 0x0000000741c00000, 0x0000000741c00000| Untracked 
|  29|0x0000000741d00000, 0x0000000741d00000, 0x0000000741e00000|  0%| F|  |TAMS 0x0000000741d00000, 0x0000000741d00000| Untracked 
|  30|0x0000000741e00000, 0x0000000741e00000, 0x0000000741f00000|  0%| F|  |TAMS 0x0000000741e00000, 0x0000000741e00000| Untracked 
|  31|0x0000000741f00000, 0x0000000741f00000, 0x0000000742000000|  0%| F|  |TAMS 0x0000000741f00000, 0x0000000741f00000| Untracked 
|  32|0x0000000742000000, 0x0000000742000000, 0x0000000742100000|  0%| F|  |TAMS 0x0000000742000000, 0x0000000742000000| Untracked 
|  33|0x0000000742100000, 0x0000000742100000, 0x0000000742200000|  0%| F|  |TAMS 0x0000000742100000, 0x0000000742100000| Untracked 
|  34|0x0000000742200000, 0x0000000742200000, 0x0000000742300000|  0%| F|  |TAMS 0x0000000742200000, 0x0000000742200000| Untracked 
|  35|0x0000000742300000, 0x0000000742300000, 0x0000000742400000|  0%| F|  |TAMS 0x0000000742300000, 0x0000000742300000| Untracked 
|  36|0x0000000742400000, 0x0000000742400000, 0x0000000742500000|  0%| F|  |TAMS 0x0000000742400000, 0x0000000742400000| Untracked 
|  37|0x0000000742500000, 0x0000000742500000, 0x0000000742600000|  0%| F|  |TAMS 0x0000000742500000, 0x0000000742500000| Untracked 
|  38|0x0000000742600000, 0x0000000742600000, 0x0000000742700000|  0%| F|  |TAMS 0x0000000742600000, 0x0000000742600000| Untracked 
|  39|0x0000000742700000, 0x0000000742700000, 0x0000000742800000|  0%| F|  |TAMS 0x0000000742700000, 0x0000000742700000| Untracked 
|  40|0x0000000742800000, 0x0000000742800000, 0x0000000742900000|  0%| F|  |TAMS 0x0000000742800000, 0x0000000742800000| Untracked 
|  41|0x0000000742900000, 0x0000000742900000, 0x0000000742a00000|  0%| F|  |TAMS 0x0000000742900000, 0x0000000742900000| Untracked 
|  42|0x0000000742a00000, 0x0000000742a00000, 0x0000000742b00000|  0%| F|  |TAMS 0x0000000742a00000, 0x0000000742a00000| Untracked 
|  43|0x0000000742b00000, 0x0000000742b00000, 0x0000000742c00000|  0%| F|  |TAMS 0x0000000742b00000, 0x0000000742b00000| Untracked 
|  44|0x0000000742c00000, 0x0000000742c00000, 0x0000000742d00000|  0%| F|  |TAMS 0x0000000742c00000, 0x0000000742c00000| Untracked 
|  45|0x0000000742d00000, 0x0000000742d00000, 0x0000000742e00000|  0%| F|  |TAMS 0x0000000742d00000, 0x0000000742d00000| Untracked 
|  46|0x0000000742e00000, 0x0000000742e00000, 0x0000000742f00000|  0%| F|  |TAMS 0x0000000742e00000, 0x0000000742e00000| Untracked 
|  47|0x0000000742f00000, 0x0000000742f00000, 0x0000000743000000|  0%| F|  |TAMS 0x0000000742f00000, 0x0000000742f00000| Untracked 
|  48|0x0000000743000000, 0x0000000743000000, 0x0000000743100000|  0%| F|  |TAMS 0x0000000743000000, 0x0000000743000000| Untracked 
|  49|0x0000000743100000, 0x0000000743100000, 0x0000000743200000|  0%| F|  |TAMS 0x0000000743100000, 0x0000000743100000| Untracked 
|  50|0x0000000743200000, 0x0000000743200000, 0x0000000743300000|  0%| F|  |TAMS 0x0000000743200000, 0x0000000743200000| Untracked 
|  51|0x0000000743300000, 0x0000000743300000, 0x0000000743400000|  0%| F|  |TAMS 0x0000000743300000, 0x0000000743300000| Untracked 
|  52|0x0000000743400000, 0x0000000743400000, 0x0000000743500000|  0%| F|  |TAMS 0x0000000743400000, 0x0000000743400000| Untracked 
|  53|0x0000000743500000, 0x0000000743500000, 0x0000000743600000|  0%| F|  |TAMS 0x0000000743500000, 0x0000000743500000| Untracked 
|  54|0x0000000743600000, 0x0000000743600000, 0x0000000743700000|  0%| F|  |TAMS 0x0000000743600000, 0x0000000743600000| Untracked 
|  55|0x0000000743700000, 0x0000000743700000, 0x0000000743800000|  0%| F|  |TAMS 0x0000000743700000, 0x0000000743700000| Untracked 
|  56|0x0000000743800000, 0x0000000743800000, 0x0000000743900000|  0%| F|  |TAMS 0x0000000743800000, 0x0000000743800000| Untracked 
|  57|0x0000000743900000, 0x0000000743900000, 0x0000000743a00000|  0%| F|  |TAMS 0x0000000743900000, 0x0000000743900000| Untracked 
|  58|0x0000000743a00000, 0x0000000743a00000, 0x0000000743b00000|  0%| F|  |TAMS 0x0000000743a00000, 0x0000000743a00000| Untracked 
|  59|0x0000000743b00000, 0x0000000743b00000, 0x0000000743c00000|  0%| F|  |TAMS 0x0000000743b00000, 0x0000000743b00000| Untracked 
|  60|0x0000000743c00000, 0x0000000743c00000, 0x0000000743d00000|  0%| F|  |TAMS 0x0000000743c00000, 0x0000000743c00000| Untracked 
|  61|0x0000000743d00000, 0x0000000743d00000, 0x0000000743e00000|  0%| F|  |TAMS 0x0000000743d00000, 0x0000000743d00000| Untracked 
|  62|0x0000000743e00000, 0x0000000743e00000, 0x0000000743f00000|  0%| F|  |TAMS 0x0000000743e00000, 0x0000000743e00000| Untracked 
|  63|0x0000000743f00000, 0x0000000743f00000, 0x0000000744000000|  0%| F|  |TAMS 0x0000000743f00000, 0x0000000743f00000| Untracked 
|  64|0x0000000744000000, 0x0000000744000000, 0x0000000744100000|  0%| F|  |TAMS 0x0000000744000000, 0x0000000744000000| Untracked 
|  65|0x0000000744100000, 0x0000000744100000, 0x0000000744200000|  0%| F|  |TAMS 0x0000000744100000, 0x0000000744100000| Untracked 
|  66|0x0000000744200000, 0x0000000744200000, 0x0000000744300000|  0%| F|  |TAMS 0x0000000744200000, 0x0000000744200000| Untracked 
|  67|0x0000000744300000, 0x0000000744300000, 0x0000000744400000|  0%| F|  |TAMS 0x0000000744300000, 0x0000000744300000| Untracked 
|  68|0x0000000744400000, 0x0000000744400000, 0x0000000744500000|  0%| F|  |TAMS 0x0000000744400000, 0x0000000744400000| Untracked 
|  69|0x0000000744500000, 0x0000000744500000, 0x0000000744600000|  0%| F|  |TAMS 0x0000000744500000, 0x0000000744500000| Untracked 
|  70|0x0000000744600000, 0x0000000744600000, 0x0000000744700000|  0%| F|  |TAMS 0x0000000744600000, 0x0000000744600000| Untracked 
|  71|0x0000000744700000, 0x0000000744700000, 0x0000000744800000|  0%| F|  |TAMS 0x0000000744700000, 0x0000000744700000| Untracked 
|  72|0x0000000744800000, 0x0000000744800000, 0x0000000744900000|  0%| F|  |TAMS 0x0000000744800000, 0x0000000744800000| Untracked 
|  73|0x0000000744900000, 0x0000000744900000, 0x0000000744a00000|  0%| F|  |TAMS 0x0000000744900000, 0x0000000744900000| Untracked 
|  74|0x0000000744a00000, 0x0000000744a00000, 0x0000000744b00000|  0%| F|  |TAMS 0x0000000744a00000, 0x0000000744a00000| Untracked 
|  75|0x0000000744b00000, 0x0000000744b00000, 0x0000000744c00000|  0%| F|  |TAMS 0x0000000744b00000, 0x0000000744b00000| Untracked 
|  76|0x0000000744c00000, 0x0000000744c00000, 0x0000000744d00000|  0%| F|  |TAMS 0x0000000744c00000, 0x0000000744c00000| Untracked 
|  77|0x0000000744d00000, 0x0000000744d00000, 0x0000000744e00000|  0%| F|  |TAMS 0x0000000744d00000, 0x0000000744d00000| Untracked 
|  78|0x0000000744e00000, 0x0000000744e00000, 0x0000000744f00000|  0%| F|  |TAMS 0x0000000744e00000, 0x0000000744e00000| Untracked 
|  79|0x0000000744f00000, 0x0000000744f00000, 0x0000000745000000|  0%| F|  |TAMS 0x0000000744f00000, 0x0000000744f00000| Untracked 
|  80|0x0000000745000000, 0x0000000745000000, 0x0000000745100000|  0%| F|  |TAMS 0x0000000745000000, 0x0000000745000000| Untracked 
|  81|0x0000000745100000, 0x0000000745100000, 0x0000000745200000|  0%| F|  |TAMS 0x0000000745100000, 0x0000000745100000| Untracked 
|  82|0x0000000745200000, 0x0000000745200000, 0x0000000745300000|  0%| F|  |TAMS 0x0000000745200000, 0x0000000745200000| Untracked 
|  83|0x0000000745300000, 0x0000000745300000, 0x0000000745400000|  0%| F|  |TAMS 0x0000000745300000, 0x0000000745300000| Untracked 
|  84|0x0000000745400000, 0x0000000745400000, 0x0000000745500000|  0%| F|  |TAMS 0x0000000745400000, 0x0000000745400000| Untracked 
|  85|0x0000000745500000, 0x0000000745500000, 0x0000000745600000|  0%| F|  |TAMS 0x0000000745500000, 0x0000000745500000| Untracked 
|  86|0x0000000745600000, 0x0000000745600000, 0x0000000745700000|  0%| F|  |TAMS 0x0000000745600000, 0x0000000745600000| Untracked 
|  87|0x0000000745700000, 0x0000000745700000, 0x0000000745800000|  0%| F|  |TAMS 0x0000000745700000, 0x0000000745700000| Untracked 
|  88|0x0000000745800000, 0x0000000745800000, 0x0000000745900000|  0%| F|  |TAMS 0x0000000745800000, 0x0000000745800000| Untracked 
|  89|0x0000000745900000, 0x0000000745900000, 0x0000000745a00000|  0%| F|  |TAMS 0x0000000745900000, 0x0000000745900000| Untracked 
|  90|0x0000000745a00000, 0x0000000745a00000, 0x0000000745b00000|  0%| F|  |TAMS 0x0000000745a00000, 0x0000000745a00000| Untracked 
|  91|0x0000000745b00000, 0x0000000745b00000, 0x0000000745c00000|  0%| F|  |TAMS 0x0000000745b00000, 0x0000000745b00000| Untracked 
|  92|0x0000000745c00000, 0x0000000745c00000, 0x0000000745d00000|  0%| F|  |TAMS 0x0000000745c00000, 0x0000000745c00000| Untracked 
|  93|0x0000000745d00000, 0x0000000745d00000, 0x0000000745e00000|  0%| F|  |TAMS 0x0000000745d00000, 0x0000000745d00000| Untracked 
|  94|0x0000000745e00000, 0x0000000745e00000, 0x0000000745f00000|  0%| F|  |TAMS 0x0000000745e00000, 0x0000000745e00000| Untracked 
|  95|0x0000000745f00000, 0x0000000745f00000, 0x0000000746000000|  0%| F|  |TAMS 0x0000000745f00000, 0x0000000745f00000| Untracked 
|  96|0x0000000746000000, 0x0000000746000000, 0x0000000746100000|  0%| F|  |TAMS 0x0000000746000000, 0x0000000746000000| Untracked 
|  97|0x0000000746100000, 0x0000000746100000, 0x0000000746200000|  0%| F|  |TAMS 0x0000000746100000, 0x0000000746100000| Untracked 
|  98|0x0000000746200000, 0x0000000746200000, 0x0000000746300000|  0%| F|  |TAMS 0x0000000746200000, 0x0000000746200000| Untracked 
|  99|0x0000000746300000, 0x0000000746300000, 0x0000000746400000|  0%| F|  |TAMS 0x0000000746300000, 0x0000000746300000| Untracked 
| 100|0x0000000746400000, 0x0000000746400000, 0x0000000746500000|  0%| F|  |TAMS 0x0000000746400000, 0x0000000746400000| Untracked 
| 101|0x0000000746500000, 0x0000000746500000, 0x0000000746600000|  0%| F|  |TAMS 0x0000000746500000, 0x0000000746500000| Untracked 
| 102|0x0000000746600000, 0x0000000746600000, 0x0000000746700000|  0%| F|  |TAMS 0x0000000746600000, 0x0000000746600000| Untracked 
| 103|0x0000000746700000, 0x0000000746700000, 0x0000000746800000|  0%| F|  |TAMS 0x0000000746700000, 0x0000000746700000| Untracked 
| 104|0x0000000746800000, 0x0000000746800000, 0x0000000746900000|  0%| F|  |TAMS 0x0000000746800000, 0x0000000746800000| Untracked 
| 105|0x0000000746900000, 0x0000000746900000, 0x0000000746a00000|  0%| F|  |TAMS 0x0000000746900000, 0x0000000746900000| Untracked 
| 106|0x0000000746a00000, 0x0000000746a00000, 0x0000000746b00000|  0%| F|  |TAMS 0x0000000746a00000, 0x0000000746a00000| Untracked 
| 107|0x0000000746b00000, 0x0000000746b00000, 0x0000000746c00000|  0%| F|  |TAMS 0x0000000746b00000, 0x0000000746b00000| Untracked 
| 108|0x0000000746c00000, 0x0000000746c00000, 0x0000000746d00000|  0%| F|  |TAMS 0x0000000746c00000, 0x0000000746c00000| Untracked 
| 109|0x0000000746d00000, 0x0000000746d00000, 0x0000000746e00000|  0%| F|  |TAMS 0x0000000746d00000, 0x0000000746d00000| Untracked 
| 110|0x0000000746e00000, 0x0000000746e00000, 0x0000000746f00000|  0%| F|  |TAMS 0x0000000746e00000, 0x0000000746e00000| Untracked 
| 111|0x0000000746f00000, 0x0000000746f00000, 0x0000000747000000|  0%| F|  |TAMS 0x0000000746f00000, 0x0000000746f00000| Untracked 
| 112|0x0000000747000000, 0x0000000747000000, 0x0000000747100000|  0%| F|  |TAMS 0x0000000747000000, 0x0000000747000000| Untracked 
| 113|0x0000000747100000, 0x0000000747100000, 0x0000000747200000|  0%| F|  |TAMS 0x0000000747100000, 0x0000000747100000| Untracked 
| 114|0x0000000747200000, 0x0000000747200000, 0x0000000747300000|  0%| F|  |TAMS 0x0000000747200000, 0x0000000747200000| Untracked 
| 115|0x0000000747300000, 0x0000000747300000, 0x0000000747400000|  0%| F|  |TAMS 0x0000000747300000, 0x0000000747300000| Untracked 
| 116|0x0000000747400000, 0x0000000747400000, 0x0000000747500000|  0%| F|  |TAMS 0x0000000747400000, 0x0000000747400000| Untracked 
| 117|0x0000000747500000, 0x0000000747500000, 0x0000000747600000|  0%| F|  |TAMS 0x0000000747500000, 0x0000000747500000| Untracked 
| 118|0x0000000747600000, 0x0000000747600000, 0x0000000747700000|  0%| F|  |TAMS 0x0000000747600000, 0x0000000747600000| Untracked 
| 119|0x0000000747700000, 0x00000007477f0fc8, 0x0000000747800000| 94%| E|  |TAMS 0x0000000747700000, 0x0000000747700000| Complete 
| 120|0x0000000747800000, 0x0000000747900000, 0x0000000747900000|100%| E|CS|TAMS 0x0000000747800000, 0x0000000747800000| Complete 
| 121|0x0000000747900000, 0x0000000747a00000, 0x0000000747a00000|100%| E|CS|TAMS 0x0000000747900000, 0x0000000747900000| Complete 
| 122|0x0000000747a00000, 0x0000000747b00000, 0x0000000747b00000|100%| E|  |TAMS 0x0000000747a00000, 0x0000000747a00000| Complete 
| 123|0x0000000747b00000, 0x0000000747c00000, 0x0000000747c00000|100%| E|CS|TAMS 0x0000000747b00000, 0x0000000747b00000| Complete 
| 124|0x0000000747c00000, 0x0000000747d00000, 0x0000000747d00000|100%| E|CS|TAMS 0x0000000747c00000, 0x0000000747c00000| Complete 
| 125|0x0000000747d00000, 0x0000000747e00000, 0x0000000747e00000|100%| E|CS|TAMS 0x0000000747d00000, 0x0000000747d00000| Complete 
| 126|0x0000000747e00000, 0x0000000747f00000, 0x0000000747f00000|100%| E|CS|TAMS 0x0000000747e00000, 0x0000000747e00000| Complete 
| 127|0x0000000747f00000, 0x0000000748000000, 0x0000000748000000|100%| E|CS|TAMS 0x0000000747f00000, 0x0000000747f00000| Complete 

Card table byte_map: [0x0000000121f6c000,0x000000012236c000] _byte_map_base: 0x000000011e56c000

Marking Bits (Prev, Next): (CMBitMap*) 0x000000015880c010, (CMBitMap*) 0x000000015880c050
 Prev Bits: [0x000000012276c000, 0x000000012476c000)
 Next Bits: [0x000000012476c000, 0x000000012676c000)

Polling page: 0x0000000104f98000

Metaspace:

Usage:
  Non-class:      7.24 MB used.
      Class:    701.57 KB used.
       Both:      7.93 MB used.

Virtual space:
  Non-class space:        8.00 MB reserved,       7.31 MB ( 91%) committed,  1 nodes.
      Class space:        1.00 GB reserved,     768.00 KB ( <1%) committed,  1 nodes.
              Both:        1.01 GB reserved,       8.06 MB ( <1%) committed. 

Chunk freelists:
   Non-Class:  656.00 KB
       Class:  3.20 MB
        Both:  3.84 MB

MaxMetaspaceSize: 17179869184.00 GB
CompressedClassSpaceSize: 1.00 GB
 - commit_granule_bytes: 65536.
 - commit_granule_words: 8192.
 - virtual_space_node_default_size: 1048576.
 - enlarge_chunks_in_place: 1.
 - new_chunks_are_fully_committed: 0.
 - uncommit_free_chunks: 1.
 - use_allocation_guard: 0.
 - handle_deallocations: 1.


Internal statistics:

num_allocs_failed_limit: 0.
num_arena_births: 52.
num_arena_deaths: 0.
num_vsnodes_births: 2.
num_vsnodes_deaths: 0.
num_space_committed: 129.
num_space_uncommitted: 0.
num_chunks_returned_to_freelist: 0.
num_chunks_taken_from_freelist: 91.
num_chunk_merges: 0.
num_chunk_splits: 54.
num_chunks_enlarged: 37.
num_purges: 0.

CodeHeap 'non-profiled nmethods': size=120032Kb used=127Kb max_used=127Kb free=119904Kb
 bounds [0x000000011aa34000, 0x000000011aca4000, 0x0000000121f6c000]
CodeHeap 'profiled nmethods': size=120016Kb used=728Kb max_used=728Kb free=119288Kb
 bounds [0x0000000113500000, 0x0000000113770000, 0x000000011aa34000]
CodeHeap 'non-nmethods': size=5712Kb used=1077Kb max_used=1105Kb free=4634Kb
 bounds [0x0000000112f6c000, 0x00000001131dc000, 0x0000000113500000]
 total_blobs=822 nmethods=443 adapters=296
 compilation: enabled
              stopped_count=0, restarted_count=0
 full_count=0

Compilation events (20 events):
Event: 0.280 Thread 0x000000015801aa00  437       3       java.io.StreamTokenizer::nextToken (1268 bytes)
Event: 0.280 Thread 0x000000015801a400  440       4       java.io.StreamTokenizer::read (38 bytes)
Event: 0.281 Thread 0x000000015801a400 nmethod 440 0x000000011aa52d10 code [0x000000011aa52f00, 0x000000011aa53390]
Event: 0.281 Thread 0x000000015801a400  441   !   4       java.io.BufferedReader::read (104 bytes)
Event: 0.282 Thread 0x000000015801aa00 nmethod 437 0x00000001135aae10 code [0x00000001135ab580, 0x00000001135ae318]
Event: 0.282 Thread 0x000000015801aa00  436       3       java.lang.String::<init> (14 bytes)
Event: 0.282 Thread 0x000000015801a400 nmethod 441 0x000000011aa53590 code [0x000000011aa53780, 0x000000011aa53bb0]
Event: 0.282 Thread 0x000000015801aa00 nmethod 436 0x00000001135aee10 code [0x00000001135aefc0, 0x00000001135af248]
Event: 0.282 Thread 0x000000015801aa00  443       3       sun.security.provider.PolicyParser::peek (182 bytes)
Event: 0.282 Thread 0x000000015801aa00 nmethod 443 0x00000001135af390 code [0x00000001135af640, 0x00000001135afdb8]
Event: 0.282 Thread 0x000000015801aa00  438       3       java.lang.String::<init> (74 bytes)
Event: 0.282 Thread 0x000000015801aa00 nmethod 438 0x00000001135b0090 code [0x00000001135b0280, 0x00000001135b0708]
Event: 0.282 Thread 0x000000015801aa00  439       3       java.lang.StringUTF16::compress (20 bytes)
Event: 0.282 Thread 0x000000015801aa00 nmethod 439 0x00000001135b0890 code [0x00000001135b0a40, 0x00000001135b0cd8]
Event: 0.282 Thread 0x000000015801aa00  444       3       sun.security.provider.PolicyParser::match (788 bytes)
Event: 0.283 Thread 0x000000015801aa00 nmethod 444 0x00000001135b0e10 code [0x00000001135b1700, 0x00000001135b4508]
Event: 0.283 Thread 0x000000015801aa00  442       3       java.lang.String::rangeCheck (9 bytes)
Event: 0.283 Thread 0x000000015801aa00 nmethod 442 0x00000001135b5810 code [0x00000001135b59c0, 0x00000001135b5b18]
Event: 0.283 Thread 0x000000015801aa00  445       3       java.nio.ByteBuffer::limit (8 bytes)
Event: 0.283 Thread 0x000000015801aa00 nmethod 445 0x00000001135b5c10 code [0x00000001135b5dc0, 0x00000001135b5f58]

GC Heap History (0 events):
No events

Deoptimization events (20 events):
Event: 0.196 Thread 0x0000000140008e00 DEOPT PACKING pc=0x000000011354b984 sp=0x000000016b185550
Event: 0.196 Thread 0x0000000140008e00 DEOPT UNPACKING pc=0x0000000112fa5bfc sp=0x000000016b185370 mode 0
Event: 0.196 Thread 0x0000000140008e00 DEOPT PACKING pc=0x000000011354b984 sp=0x000000016b185550
Event: 0.196 Thread 0x0000000140008e00 DEOPT UNPACKING pc=0x0000000112fa5bfc sp=0x000000016b185370 mode 0
Event: 0.196 Thread 0x0000000140008e00 DEOPT PACKING pc=0x000000011354b984 sp=0x000000016b185550
Event: 0.196 Thread 0x0000000140008e00 DEOPT UNPACKING pc=0x0000000112fa5bfc sp=0x000000016b185370 mode 0
Event: 0.196 Thread 0x0000000140008e00 DEOPT PACKING pc=0x000000011354b984 sp=0x000000016b185550
Event: 0.196 Thread 0x0000000140008e00 DEOPT UNPACKING pc=0x0000000112fa5bfc sp=0x000000016b185370 mode 0
Event: 0.196 Thread 0x0000000140008e00 DEOPT PACKING pc=0x000000011354b984 sp=0x000000016b185550
Event: 0.196 Thread 0x0000000140008e00 DEOPT UNPACKING pc=0x0000000112fa5bfc sp=0x000000016b185370 mode 0
Event: 0.199 Thread 0x0000000140008e00 Uncommon trap: trap_request=0xffffff45 fr.pc=0x000000011aa41b58 relative=0x00000000000007d8
Event: 0.199 Thread 0x0000000140008e00 Uncommon trap: reason=unstable_if action=reinterpret pc=0x000000011aa41b58 method=java.util.HashMap.putVal(ILjava/lang/Object;Ljava/lang/Object;ZZ)Ljava/lang/Object; @ 181 c2
Event: 0.199 Thread 0x0000000140008e00 DEOPT PACKING pc=0x000000011aa41b58 sp=0x000000016b185ff0
Event: 0.199 Thread 0x0000000140008e00 DEOPT UNPACKING pc=0x0000000112fa5d9c sp=0x000000016b185f30 mode 2
Event: 0.210 Thread 0x0000000140008e00 DEOPT PACKING pc=0x000000011350bb84 sp=0x000000016b1858c0
Event: 0.210 Thread 0x0000000140008e00 DEOPT UNPACKING pc=0x0000000112fa5bfc sp=0x000000016b1855f0 mode 0
Event: 0.218 Thread 0x0000000140008e00 DEOPT PACKING pc=0x0000000113508b64 sp=0x000000016b1854d0
Event: 0.218 Thread 0x0000000140008e00 DEOPT UNPACKING pc=0x0000000112fa5bfc sp=0x000000016b185260 mode 0
Event: 0.265 Thread 0x0000000140008e00 DEOPT PACKING pc=0x000000011350aed8 sp=0x000000016b184920
Event: 0.265 Thread 0x0000000140008e00 DEOPT UNPACKING pc=0x0000000112fa5bfc sp=0x000000016b1846b0 mode 0

Classes unloaded (0 events):
No events

Classes redefined (0 events):
No events

Internal exceptions (20 events):
Event: 0.118 Thread 0x0000000140008e00 Exception <a 'java/lang/NoSuchMethodError'{0x0000000747ff6738}: 'int java.lang.invoke.DirectMethodHandle$Holder.invokeStatic(java.lang.Object, java.lang.Object)'> (0x0000000747ff6738) 
thrown [src/hotspot/share/interpreter/linkResolver.cpp, line 790]
Event: 0.119 Thread 0x0000000140008e00 Exception <a 'java/lang/NoSuchMethodError'{0x0000000747fffbc8}: 'java.lang.Object java.lang.invoke.Invokers$Holder.invokeExact_MT(java.lang.Object, java.lang.Object, java.lang.Object, java.lang.Object, java.lang.Object, java.lang.Object, java.lang.Object, java.lang.Object)'> (0x0000000747fffbc8) 
thrown [src/hotspot/share/interpreter/linkResolver.cpp, line 790]
Event: 0.122 Thread 0x0000000140008e00 Exception <a 'java/lang/NoSuchMethodError'{0x0000000747e0c2e0}: 'java.lang.Object java.lang.invoke.DirectMethodHandle$Holder.invokeStatic(java.lang.Object, java.lang.Object, java.lang.Object)'> (0x0000000747e0c2e0) 
thrown [src/hotspot/share/interpreter/linkResolver.cpp, line 790]
Event: 0.123 Thread 0x0000000140008e00 Exception <a 'java/lang/NoSuchMethodError'{0x0000000747e14b70}: 'java.lang.Object java.lang.invoke.DirectMethodHandle$Holder.getReference(java.lang.Object, java.lang.Object)'> (0x0000000747e14b70) 
thrown [src/hotspot/share/interpreter/linkResolver.cpp, line 790]
Event: 0.123 Thread 0x0000000140008e00 Exception <a 'java/lang/NoSuchMethodError'{0x0000000747e18f28}: 'java.lang.Object java.lang.invoke.LambdaForm$Holder.identity_L(java.lang.Object, java.lang.Object)'> (0x0000000747e18f28) 
thrown [src/hotspot/share/interpreter/linkResolver.cpp, line 790]
Event: 0.123 Thread 0x0000000140008e00 Exception <a 'java/lang/NoSuchMethodError'{0x0000000747e1be68}: 'java.lang.Object java.lang.invoke.LambdaForm$Holder.zero_L(java.lang.Object)'> (0x0000000747e1be68) 
thrown [src/hotspot/share/interpreter/linkResolver.cpp, line 790]
Event: 0.125 Thread 0x0000000140008e00 Exception <a 'java/lang/NoSuchMethodError'{0x0000000747e23478}: 'java.lang.Object java.lang.invoke.DirectMethodHandle$Holder.invokeSpecial(java.lang.Object, java.lang.Object)'> (0x0000000747e23478) 
thrown [src/hotspot/share/interpreter/linkResolver.cpp, line 790]
Event: 0.125 Thread 0x0000000140008e00 Exception <a 'java/lang/NoSuchMethodError'{0x0000000747e26ab0}: 'java.lang.Object java.lang.invoke.Invokers$Holder.linkToTargetMethod(java.lang.Object)'> (0x0000000747e26ab0) 
thrown [src/hotspot/share/interpreter/linkResolver.cpp, line 790]
Event: 0.126 Thread 0x0000000140008e00 Exception <a 'java/lang/NoSuchMethodError'{0x0000000747e33ba0}: 'java.lang.Object java.lang.invoke.DirectMethodHandle$Holder.newInvokeSpecial(java.lang.Object, java.lang.Object)'> (0x0000000747e33ba0) 
thrown [src/hotspot/share/interpreter/linkResolver.cpp, line 790]
Event: 0.127 Thread 0x0000000140008e00 Exception <a 'java/lang/NoSuchMethodError'{0x0000000747e378c8}: 'java.lang.Object java.lang.invoke.DirectMethodHandle$Holder.invokeSpecial(java.lang.Object, java.lang.Object, java.lang.Object)'> (0x0000000747e378c8) 
thrown [src/hotspot/share/interpreter/linkResolver.cpp, line 790]
Event: 0.127 Thread 0x0000000140008e00 Exception <a 'java/lang/NoSuchMethodError'{0x0000000747e3adb0}: 'java.lang.Object java.lang.invoke.Invokers$Holder.linkToTargetMethod(java.lang.Object, java.lang.Object)'> (0x0000000747e3adb0) 
thrown [src/hotspot/share/interpreter/linkResolver.cpp, line 790]
Event: 0.127 Thread 0x0000000140008e00 Exception <a 'java/lang/NoSuchMethodError'{0x0000000747e3e418}: 'java.lang.Object java.lang.invoke.DirectMethodHandle$Holder.invokeVirtual(java.lang.Object, java.lang.Object)'> (0x0000000747e3e418) 
thrown [src/hotspot/share/interpreter/linkResolver.cpp, line 790]
Event: 0.130 Thread 0x0000000140008e00 Exception <a 'java/lang/NoSuchMethodError'{0x0000000747e45738}: 'java.lang.Object java.lang.invoke.DirectMethodHandle$Holder.newInvokeSpecial(java.lang.Object)'> (0x0000000747e45738) 
thrown [src/hotspot/share/interpreter/linkResolver.cpp, line 790]
Event: 0.131 Thread 0x0000000140008e00 Exception <a 'java/lang/NoSuchMethodError'{0x0000000747e4b428}: 'int java.lang.invoke.DirectMethodHandle$Holder.invokeInterface(java.lang.Object, java.lang.Object, java.lang.Object)'> (0x0000000747e4b428) 
thrown [src/hotspot/share/interpreter/linkResolver.cpp, line 790]
Event: 0.131 Thread 0x0000000140008e00 Exception <a 'java/lang/NoSuchMethodError'{0x0000000747e543d8}: 'java.lang.Object java.lang.invoke.DirectMethodHandle$Holder.invokeStatic(java.lang.Object, java.lang.Object)'> (0x0000000747e543d8) 
thrown [src/hotspot/share/interpreter/linkResolver.cpp, line 790]
Event: 0.133 Thread 0x0000000140008e00 Exception <a 'java/lang/NoSuchMethodError'{0x0000000747e5d278}: 'int java.lang.invoke.DirectMethodHandle$Holder.invokeSpecial(java.lang.Object, java.lang.Object)'> (0x0000000747e5d278) 
thrown [src/hotspot/share/interpreter/linkResolver.cpp, line 790]
Event: 0.230 Thread 0x000000015801be00 Exception <a 'java/lang/NoSuchMethodError'{0x00000007479998f0}: 'java.lang.Object java.lang.invoke.DirectMethodHandle$Holder.invokeStatic(java.lang.Object)'> (0x00000007479998f0) 
thrown [src/hotspot/share/interpreter/linkResolver.cpp, line 790]
Event: 0.230 Thread 0x000000015801be00 Exception <a 'java/lang/NoSuchMethodError'{0x000000074799d040}: 'java.lang.Object java.lang.invoke.DirectMethodHandle$Holder.invokeStaticInit(java.lang.Object)'> (0x000000074799d040) 
thrown [src/hotspot/share/interpreter/linkResolver.cpp, line 790]
Event: 0.260 Thread 0x000000015801be00 Exception <a 'java/lang/NoSuchMethodError'{0x00000007479ab8c0}: 'void java.lang.invoke.DirectMethodHandle$Holder.invokeStatic(java.lang.Object, java.lang.Object)'> (0x00000007479ab8c0) 
thrown [src/hotspot/share/interpreter/linkResolver.cpp, line 790]
Event: 0.283 Thread 0x0000000140008e00 Exception <a 'java/lang/ClassNotFoundException'{0x00000007477dcde0}: javax/smartcardio/CardPermission> (0x00000007477dcde0) 
thrown [src/hotspot/share/classfile/systemDictionary.cpp, line 256]

Events (20 events):
Event: 0.282 loading class java/net/HostPortrange
Event: 0.282 loading class java/net/HostPortrange done
Event: 0.283 loading class java/util/Arrays$LegacyMergeSort
Event: 0.283 loading class java/util/Arrays$LegacyMergeSort done
Event: 0.283 loading class java/util/ComparableTimSort
Event: 0.283 loading class java/util/ComparableTimSort done
Event: 0.283 loading class java/util/Collections$UnmodifiableRandomAccessList
Event: 0.283 loading class java/util/Collections$UnmodifiableList
Event: 0.283 loading class java/util/Collections$UnmodifiableList done
Event: 0.283 loading class java/util/Collections$UnmodifiableRandomAccessList done
Event: 0.283 loading class java/util/StringJoiner
Event: 0.283 loading class java/util/StringJoiner done
Event: 0.283 loading class java/io/FilePermission$1
Event: 0.283 loading class jdk/internal/access/JavaIOFilePermissionAccess
Event: 0.283 loading class jdk/internal/access/JavaIOFilePermissionAccess done
Event: 0.283 loading class java/io/FilePermission$1 done
Event: 0.283 loading class sun/security/util/FilePermCompat
Event: 0.283 loading class sun/security/util/FilePermCompat done
Event: 0.283 loading class sun/security/util/SecurityProperties
Event: 0.283 loading class sun/security/util/SecurityProperties done


Dynamic libraries:
0x00000001974d5000 	/usr/lib/libz.1.dylib
0x0000000104f24000 	/Users/radoslawjaniak/Library/Java/JavaVirtualMachines/azul-16.0.1/Contents/Home/lib/libjli.dylib
0x00000001a19df000 	/System/Library/Frameworks/Cocoa.framework/Versions/A/Cocoa
0x000000018f922000 	/System/Library/Frameworks/Security.framework/Versions/A/Security
0x000000019fd4d000 	/System/Library/Frameworks/ApplicationServices.framework/Versions/A/ApplicationServices
0x000000019757b000 	/usr/lib/libSystem.B.dylib
0x0000000197575000 	/usr/lib/system/libcache.dylib
0x0000000197534000 	/usr/lib/system/libcommonCrypto.dylib
0x000000019755e000 	/usr/lib/system/libcompiler_rt.dylib
0x0000000197555000 	/usr/lib/system/libcopyfile.dylib
0x000000018d898000 	/usr/lib/system/libcorecrypto.dylib
0x000000018d938000 	/usr/lib/system/libdispatch.dylib
0x000000018daf1000 	/usr/lib/system/libdyld.dylib
0x000000019756b000 	/usr/lib/system/libkeymgr.dylib
0x000000019a99c000 	/usr/lib/system/liblaunch.dylib
0x0000000197516000 	/usr/lib/system/libmacho.dylib
0x0000000196d88000 	/usr/lib/system/libquarantine.dylib
0x0000000197568000 	/usr/lib/system/libremovefile.dylib
0x000000019237e000 	/usr/lib/system/libsystem_asl.dylib
0x000000018d846000 	/usr/lib/system/libsystem_blocks.dylib
0x000000018d9ba000 	/usr/lib/system/libsystem_c.dylib
0x0000000197562000 	/usr/lib/system/libsystem_collections.dylib
0x00000001963c2000 	/usr/lib/system/libsystem_configuration.dylib
0x0000000195745000 	/usr/lib/system/libsystem_containermanager.dylib
0x00000001972eb000 	/usr/lib/system/libsystem_coreservices.dylib
0x000000018fef9000 	/usr/lib/system/libsystem_darwin.dylib
0x000000019756c000 	/usr/lib/system/libsystem_dnssd.dylib
0x000000018d9b7000 	/usr/lib/system/libsystem_featureflags.dylib
0x000000018db3a000 	/usr/lib/system/libsystem_info.dylib
0x00000001974e7000 	/usr/lib/system/libsystem_m.dylib
0x000000018d90c000 	/usr/lib/system/libsystem_malloc.dylib
0x0000000192319000 	/usr/lib/system/libsystem_networkextension.dylib
0x000000019033c000 	/usr/lib/system/libsystem_notify.dylib
0x000000019ce4a000 	/usr/lib/system/libsystem_product_info_filter.dylib
0x00000001963c7000 	/usr/lib/system/libsystem_sandbox.dylib
0x0000000197565000 	/usr/lib/system/libsystem_secinit.dylib
0x000000018dab0000 	/usr/lib/system/libsystem_kernel.dylib
0x000000018db33000 	/usr/lib/system/libsystem_platform.dylib
0x000000018dae4000 	/usr/lib/system/libsystem_pthread.dylib
0x00000001938eb000 	/usr/lib/system/libsystem_symptoms.dylib
0x000000018d880000 	/usr/lib/system/libsystem_trace.dylib
0x0000000197542000 	/usr/lib/system/libunwind.dylib
0x000000018d848000 	/usr/lib/system/libxpc.dylib
0x000000018da98000 	/usr/lib/libc++abi.dylib
0x000000018d97d000 	/usr/lib/libobjc.A.dylib
0x000000019754d000 	/usr/lib/liboah.dylib
0x000000018da3c000 	/usr/lib/libc++.1.dylib
0x000000018db66000 	/System/Library/Frameworks/CoreFoundation.framework/Versions/A/CoreFoundation
0x000000018e92d000 	/System/Library/Frameworks/Foundation.framework/Versions/C/Foundation
0x0000000190396000 	/System/Library/Frameworks/AppKit.framework/Versions/C/AppKit
0x00000001931b4000 	/System/Library/Frameworks/CoreData.framework/Versions/A/CoreData
0x00000001910d6000 	/System/Library/PrivateFrameworks/UIFoundation.framework/Versions/A/UIFoundation
0x000000019cbdc000 	/System/Library/PrivateFrameworks/RemoteViewServices.framework/Versions/A/RemoteViewServices
0x0000000195df6000 	/System/Library/PrivateFrameworks/XCTTargetBootstrap.framework/Versions/A/XCTTargetBootstrap
0x0000000198735000 	/usr/lib/libspindump.dylib
0x00000001912fd000 	/System/Library/Frameworks/UniformTypeIdentifiers.framework/Versions/A/UniformTypeIdentifiers
0x00000001943de000 	/usr/lib/libapp_launch_measurement.dylib
0x00000001943e1000 	/System/Library/PrivateFrameworks/CoreAutoLayout.framework/Versions/A/CoreAutoLayout
0x0000000195773000 	/System/Library/Frameworks/Metal.framework/Versions/A/Metal
0x00000001963d2000 	/usr/lib/liblangid.dylib
0x0000000195dfa000 	/System/Library/PrivateFrameworks/CoreSVG.framework/Versions/A/CoreSVG
0x00000001923b0000 	/System/Library/PrivateFrameworks/SkyLight.framework/Versions/A/SkyLight
0x000000019271b000 	/System/Library/Frameworks/CoreGraphics.framework/Versions/A/CoreGraphics
0x000000019d0fc000 	/System/Library/Frameworks/Accelerate.framework/Versions/A/Accelerate
0x000000019818f000 	/System/Library/PrivateFrameworks/IconServices.framework/Versions/A/IconServices
0x0000000195757000 	/System/Library/Frameworks/IOSurface.framework/Versions/A/IOSurface
0x0000000193a82000 	/usr/lib/libDiagnosticMessagesClient.dylib
0x0000000195dde000 	/System/Library/PrivateFrameworks/DFRFoundation.framework/Versions/A/DFRFoundation
0x000000018fc87000 	/usr/lib/libicucore.A.dylib
0x0000000199c86000 	/System/Library/Frameworks/AudioToolbox.framework/Versions/A/AudioToolbox
0x0000000198e9b000 	/System/Library/PrivateFrameworks/DataDetectorsCore.framework/Versions/A/DataDetectorsCore
0x000000019232b000 	/usr/lib/libMobileGestalt.dylib
0x0000000195ad3000 	/System/Library/Frameworks/Carbon.framework/Versions/A/Frameworks/HIToolbox.framework/Versions/A/HIToolbox
0x0000000193e7d000 	/System/Library/Frameworks/QuartzCore.framework/Versions/A/QuartzCore
0x000000019cc14000 	/System/Library/Frameworks/Carbon.framework/Versions/A/Frameworks/SpeechRecognition.framework/Versions/A/SpeechRecognition
0x000000019417c000 	/System/Library/PrivateFrameworks/CoreUI.framework/Versions/A/CoreUI
0x000000018f307000 	/System/Library/Frameworks/CoreAudio.framework/Versions/A/CoreAudio
0x0000000193b6b000 	/System/Library/Frameworks/DiskArbitration.framework/Versions/A/DiskArbitration
0x0000000198ae8000 	/System/Library/PrivateFrameworks/MultitouchSupport.framework/Versions/A/MultitouchSupport
0x0000000198e92000 	/System/Library/PrivateFrameworks/InternationalSupport.framework/Versions/A/InternationalSupport
0x0000000192329000 	/usr/lib/libenergytrace.dylib
0x0000000190270000 	/System/Library/Frameworks/IOKit.framework/Versions/A/IOKit
0x000000019cf3f000 	/System/Library/Frameworks/CoreServices.framework/Versions/A/CoreServices
0x0000000194374000 	/System/Library/PrivateFrameworks/PerformanceAnalysis.framework/Versions/A/PerformanceAnalysis
0x00000001cfae0000 	/System/Library/Frameworks/OpenGL.framework/Versions/A/OpenGL
0x0000000198f10000 	/System/Library/PrivateFrameworks/UserActivity.framework/Versions/A/UserActivity
0x0000000192d09000 	/System/Library/Frameworks/ColorSync.framework/Versions/A/ColorSync
0x0000000196044000 	/System/Library/Frameworks/CoreImage.framework/Versions/A/CoreImage
0x000000018f137000 	/System/Library/Frameworks/CoreText.framework/Versions/A/CoreText
0x0000000195e25000 	/System/Library/Frameworks/ImageIO.framework/Versions/A/ImageIO
0x0000000197581000 	/System/Library/PrivateFrameworks/SoftLinking.framework/Versions/A/SoftLinking
0x0000000194424000 	/usr/lib/libxml2.2.dylib
0x0000000197801000 	/usr/lib/libcompression.dylib
0x0000000198dde000 	/System/Library/PrivateFrameworks/TextureIO.framework/Versions/A/TextureIO
0x0000000197eec000 	/usr/lib/libate.dylib
0x0000000197d35000 	/usr/lib/liblzma.5.dylib
0x000000018e642000 	/System/Library/Frameworks/SystemConfiguration.framework/Versions/A/SystemConfiguration
0x000000019757d000 	/usr/lib/libfakelink.dylib
0x0000000191e90000 	/System/Library/Frameworks/CFNetwork.framework/Versions/A/CFNetwork
0x00000001976c7000 	/usr/lib/libarchive.2.dylib
0x000000018e6ca000 	/usr/lib/libCRFSuite.dylib
0x0000000196db2000 	/usr/lib/libbsm.0.dylib
0x0000000191747000 	/usr/lib/libnetwork.dylib
0x0000000197582000 	/usr/lib/libpcap.A.dylib
0x00000001938e3000 	/usr/lib/libdns_services.dylib
0x0000000197d4e000 	/usr/lib/libcoretls_cfhelpers.dylib
0x00000001977d0000 	/usr/lib/libapple_nghttp2.dylib
0x000000019751c000 	/usr/lib/system/libkxld.dylib
0x0000000193574000 	/usr/lib/libsqlite3.dylib
0x00000001972ce000 	/System/Library/PrivateFrameworks/AppleFSCompression.framework/Versions/A/AppleFSCompression
0x0000000196d9b000 	/usr/lib/libcoretls.dylib
0x00000001977fc000 	/usr/lib/libpam.2.dylib
0x0000000197e35000 	/usr/lib/libxar.1.dylib
0x00000001963ce000 	/System/Library/PrivateFrameworks/AppleSystemInfo.framework/Versions/A/AppleSystemInfo
0x00000001969eb000 	/System/Library/PrivateFrameworks/IOMobileFramebuffer.framework/Versions/A/IOMobileFramebuffer
0x00000001972de000 	/usr/lib/libbz2.1.0.dylib
0x00000001975be000 	/usr/lib/libiconv.2.dylib
0x0000000197515000 	/usr/lib/libcharset.1.dylib
0x00000001943ad000 	/System/Library/Frameworks/CoreServices.framework/Versions/A/Frameworks/FSEvents.framework/Versions/A/FSEvents
0x000000018ff04000 	/System/Library/Frameworks/CoreServices.framework/Versions/A/Frameworks/CarbonCore.framework/Versions/A/CarbonCore
0x0000000193ad1000 	/System/Library/Frameworks/CoreServices.framework/Versions/A/Frameworks/Metadata.framework/Versions/A/Metadata
0x00000001972f0000 	/System/Library/Frameworks/CoreServices.framework/Versions/A/Frameworks/OSServices.framework/Versions/A/OSServices
0x0000000197738000 	/System/Library/Frameworks/CoreServices.framework/Versions/A/Frameworks/SearchKit.framework/Versions/A/SearchKit
0x000000019386f000 	/System/Library/Frameworks/CoreServices.framework/Versions/A/Frameworks/AE.framework/Versions/A/AE
0x000000018e015000 	/System/Library/Frameworks/CoreServices.framework/Versions/A/Frameworks/LaunchServices.framework/Versions/A/LaunchServices
0x0000000197ce2000 	/System/Library/Frameworks/CoreServices.framework/Versions/A/Frameworks/DictionaryServices.framework/Versions/A/DictionaryServices
0x00000001943ba000 	/System/Library/Frameworks/CoreServices.framework/Versions/A/Frameworks/SharedFileList.framework/Versions/A/SharedFileList
0x0000000196d8b000 	/usr/lib/libCheckFix.dylib
0x0000000192396000 	/System/Library/PrivateFrameworks/TCC.framework/Versions/A/TCC
0x00000001963d4000 	/System/Library/PrivateFrameworks/CoreNLP.framework/Versions/A/CoreNLP
0x0000000193a85000 	/System/Library/PrivateFrameworks/MetadataUtilities.framework/Versions/A/MetadataUtilities
0x000000018e6fe000 	/usr/lib/libmecabra.dylib
0x0000000197071000 	/System/Library/Frameworks/MLCompute.framework/Versions/A/MLCompute
0x0000000196dc3000 	/usr/lib/libmecab.dylib
0x0000000196e09000 	/usr/lib/libgermantok.dylib
0x00000001977a9000 	/usr/lib/libThaiTokenizer.dylib
0x0000000197e71000 	/usr/lib/libChineseTokenizer.dylib
0x00000001977fa000 	/System/Library/Frameworks/MetalPerformanceShaders.framework/Versions/A/MetalPerformanceShaders
0x0000000193b72000 	/System/Library/Frameworks/Accelerate.framework/Versions/A/Frameworks/vImage.framework/Versions/A/vImage
0x000000019cf1d000 	/System/Library/Frameworks/Accelerate.framework/Versions/A/Frameworks/vecLib.framework/Versions/A/vecLib
0x0000000197e7c000 	/System/Library/Frameworks/Accelerate.framework/Versions/A/Frameworks/vecLib.framework/Versions/A/libvMisc.dylib
0x0000000196929000 	/System/Library/Frameworks/Accelerate.framework/Versions/A/Frameworks/vecLib.framework/Versions/A/libvDSP.dylib
0x000000018e328000 	/System/Library/Frameworks/Accelerate.framework/Versions/A/Frameworks/vecLib.framework/Versions/A/libBLAS.dylib
0x0000000197825000 	/System/Library/Frameworks/Accelerate.framework/Versions/A/Frameworks/vecLib.framework/Versions/A/libLAPACK.dylib
0x0000000196e0e000 	/System/Library/Frameworks/Accelerate.framework/Versions/A/Frameworks/vecLib.framework/Versions/A/libLinearAlgebra.dylib
0x00000001977e7000 	/System/Library/Frameworks/Accelerate.framework/Versions/A/Frameworks/vecLib.framework/Versions/A/libSparseBLAS.dylib
0x0000000197820000 	/System/Library/Frameworks/Accelerate.framework/Versions/A/Frameworks/vecLib.framework/Versions/A/libQuadrature.dylib
0x000000019646a000 	/System/Library/Frameworks/Accelerate.framework/Versions/A/Frameworks/vecLib.framework/Versions/A/libBNNS.dylib
0x000000018e5de000 	/System/Library/Frameworks/Accelerate.framework/Versions/A/Frameworks/vecLib.framework/Versions/A/libSparse.dylib
0x000000019635d000 	/System/Library/Frameworks/MetalPerformanceShaders.framework/Versions/A/Frameworks/MPSCore.framework/Versions/A/MPSCore
0x0000000197246000 	/System/Library/Frameworks/MetalPerformanceShaders.framework/Versions/A/Frameworks/MPSImage.framework/Versions/A/MPSImage
0x0000000196e23000 	/System/Library/Frameworks/MetalPerformanceShaders.framework/Versions/A/Frameworks/MPSNeuralNetwork.framework/Versions/A/MPSNeuralNetwork
0x00000001971c4000 	/System/Library/Frameworks/MetalPerformanceShaders.framework/Versions/A/Frameworks/MPSMatrix.framework/Versions/A/MPSMatrix
0x0000000197027000 	/System/Library/Frameworks/MetalPerformanceShaders.framework/Versions/A/Frameworks/MPSRayIntersector.framework/Versions/A/MPSRayIntersector
0x00000001971f3000 	/System/Library/Frameworks/MetalPerformanceShaders.framework/Versions/A/Frameworks/MPSNDArray.framework/Versions/A/MPSNDArray
0x000000018e24e000 	/System/Library/PrivateFrameworks/MetalTools.framework/Versions/A/MetalTools
0x00000001963cc000 	/System/Library/PrivateFrameworks/AggregateDictionary.framework/Versions/A/AggregateDictionary
0x0000000193a4f000 	/System/Library/PrivateFrameworks/CoreAnalytics.framework/Versions/A/CoreAnalytics
0x00000001977ab000 	/System/Library/PrivateFrameworks/AppleSauce.framework/Versions/A/AppleSauce
0x0000000195769000 	/System/Library/PrivateFrameworks/IOAccelerator.framework/Versions/A/IOAccelerator
0x00000001cfad3000 	/System/Library/Frameworks/OpenGL.framework/Versions/A/Libraries/libCoreFSCache.dylib
0x000000018ecba000 	/System/Library/PrivateFrameworks/LanguageModeling.framework/Versions/A/LanguageModeling
0x00000001969d8000 	/System/Library/PrivateFrameworks/CoreEmoji.framework/Versions/A/CoreEmoji
0x0000000196462000 	/System/Library/PrivateFrameworks/LinguisticData.framework/Versions/A/LinguisticData
0x000000018e593000 	/System/Library/PrivateFrameworks/Lexicon.framework/Versions/A/Lexicon
0x00000001976b4000 	/usr/lib/libcmph.dylib
0x000000019438d000 	/System/Library/Frameworks/OpenDirectory.framework/Versions/A/Frameworks/CFOpenDirectory.framework/Versions/A/CFOpenDirectory
0x000000019437f000 	/System/Library/Frameworks/OpenDirectory.framework/Versions/A/OpenDirectory
0x0000000197d50000 	/System/Library/PrivateFrameworks/APFS.framework/Versions/A/APFS
0x0000000196cf4000 	/System/Library/Frameworks/SecurityFoundation.framework/Versions/A/SecurityFoundation
0x0000000197e43000 	/usr/lib/libutil.dylib
0x0000000190234000 	/System/Library/PrivateFrameworks/CoreServicesStore.framework/Versions/A/CoreServicesStore
0x0000000196d82000 	/System/Library/Frameworks/ServiceManagement.framework/Versions/A/ServiceManagement
0x0000000197e47000 	/usr/lib/libxslt.1.dylib
0x0000000196d78000 	/System/Library/PrivateFrameworks/BackgroundTaskManagement.framework/Versions/A/BackgroundTaskManagement
0x0000000198d2d000 	/System/Library/Frameworks/ImageIO.framework/Versions/A/Resources/libRadiance.dylib
0x0000000198d36000 	/System/Library/Frameworks/ImageIO.framework/Versions/A/Resources/libJPEG.dylib
0x0000000198c85000 	/System/Library/Frameworks/ImageIO.framework/Versions/A/Resources/libPng.dylib
0x0000000198cac000 	/System/Library/Frameworks/ImageIO.framework/Versions/A/Resources/libTIFF.dylib
0x0000000198d87000 	/System/Library/Frameworks/ImageIO.framework/Versions/A/Resources/libGIF.dylib
0x0000000198a02000 	/System/Library/Frameworks/ImageIO.framework/Versions/A/Resources/libJP2.dylib
0x0000000198159000 	/usr/lib/libexpat.1.dylib
0x00000001989be000 	/System/Library/PrivateFrameworks/AppleJPEG.framework/Versions/A/AppleJPEG
0x000000019597a000 	/System/Library/PrivateFrameworks/FontServices.framework/libFontParser.dylib
0x0000000193821000 	/System/Library/PrivateFrameworks/RunningBoardServices.framework/Versions/A/RunningBoardServices
0x00000001a1f0e000 	/System/Library/PrivateFrameworks/IOSurfaceAccelerator.framework/Versions/A/IOSurfaceAccelerator
0x0000000198ae4000 	/System/Library/PrivateFrameworks/WatchdogClient.framework/Versions/A/WatchdogClient
0x000000018edaa000 	/System/Library/Frameworks/CoreDisplay.framework/Versions/A/CoreDisplay
0x0000000195882000 	/System/Library/Frameworks/CoreMedia.framework/Versions/A/CoreMedia
0x0000000194511000 	/System/Library/Frameworks/CoreVideo.framework/Versions/A/CoreVideo
0x0000000198b21000 	/System/Library/Frameworks/VideoToolbox.framework/Versions/A/VideoToolbox
0x000000019379e000 	/System/Library/PrivateFrameworks/BaseBoard.framework/Versions/A/BaseBoard
0x0000000198296000 	/System/Library/PrivateFrameworks/PersistentConnection.framework/Versions/A/PersistentConnection
0x000000019355d000 	/System/Library/PrivateFrameworks/ProtocolBuffer.framework/Versions/A/ProtocolBuffer
0x0000000193787000 	/System/Library/PrivateFrameworks/CommonUtilities.framework/Versions/A/CommonUtilities
0x0000000198983000 	/System/Library/PrivateFrameworks/Bom.framework/Versions/A/Bom
0x0000000198d28000 	/System/Library/PrivateFrameworks/GPUWrangler.framework/Versions/A/GPUWrangler
0x0000000198d09000 	/System/Library/PrivateFrameworks/IOPresentment.framework/Versions/A/IOPresentment
0x0000000198d30000 	/System/Library/PrivateFrameworks/DSExternalDisplay.framework/Versions/A/DSExternalDisplay
0x0000000198d8c000 	/System/Library/PrivateFrameworks/CMCaptureCore.framework/Versions/A/CMCaptureCore
0x000000019871e000 	/System/Library/PrivateFrameworks/AppServerSupport.framework/Versions/A/AppServerSupport
0x000000019a756000 	/System/Library/PrivateFrameworks/perfdata.framework/Versions/A/perfdata
0x0000000196ce4000 	/System/Library/PrivateFrameworks/AssertionServices.framework/Versions/A/AssertionServices
0x000000018eecd000 	/System/Library/PrivateFrameworks/AudioToolboxCore.framework/Versions/A/AudioToolboxCore
0x0000000195862000 	/System/Library/PrivateFrameworks/caulk.framework/Versions/A/caulk
0x00000001a9524000 	/System/Library/PrivateFrameworks/SystemPolicy.framework/Versions/A/SystemPolicy
0x0000000197f7e000 	/usr/lib/libIOReport.dylib
0x0000000199ff2000 	/usr/lib/libSMC.dylib
0x0000000198c52000 	/usr/lib/libAudioToolboxUtility.dylib
0x00000001a9ea9000 	/usr/lib/libmis.dylib
0x00000001cfb35000 	/System/Library/Frameworks/OpenGL.framework/Versions/A/Libraries/libGLU.dylib
0x00000001cfaf3000 	/System/Library/Frameworks/OpenGL.framework/Versions/A/Libraries/libGFXShared.dylib
0x00000001cfcdb000 	/System/Library/Frameworks/OpenGL.framework/Versions/A/Libraries/libGL.dylib
0x00000001cfafc000 	/System/Library/Frameworks/OpenGL.framework/Versions/A/Libraries/libGLImage.dylib
0x00000001cfaf0000 	/System/Library/Frameworks/OpenGL.framework/Versions/A/Libraries/libCVMSPluginSupport.dylib
0x00000001cfada000 	/System/Library/Frameworks/OpenGL.framework/Versions/A/Libraries/libCoreVMClient.dylib
0x00000001a0a52000 	/System/Library/PrivateFrameworks/ASEProcessing.framework/Versions/A/ASEProcessing
0x00000001982bd000 	/System/Library/PrivateFrameworks/GraphVisualizer.framework/Versions/A/GraphVisualizer
0x00000001982cb000 	/System/Library/PrivateFrameworks/FaceCore.framework/Versions/A/FaceCore
0x00000001986de000 	/System/Library/PrivateFrameworks/OTSVG.framework/Versions/A/OTSVG
0x000000019413a000 	/System/Library/Frameworks/ApplicationServices.framework/Versions/A/Frameworks/ATS.framework/Versions/A/Resources/libFontRegistry.dylib
0x0000000198726000 	/System/Library/PrivateFrameworks/FontServices.framework/libhvf.dylib
0x00000001cfe76000 	/System/Library/Frameworks/OpenCL.framework/Versions/A/OpenCL
0x000000019810d000 	/System/Library/PrivateFrameworks/AppleVA.framework/Versions/A/AppleVA
0x0000000199e3e000 	/System/Library/Frameworks/ApplicationServices.framework/Versions/A/Frameworks/ATS.framework/Versions/A/ATS
0x000000019a151000 	/System/Library/Frameworks/ApplicationServices.framework/Versions/A/Frameworks/ColorSyncLegacy.framework/Versions/A/ColorSyncLegacy
0x0000000192dff000 	/System/Library/Frameworks/ApplicationServices.framework/Versions/A/Frameworks/HIServices.framework/Versions/A/HIServices
0x000000019a130000 	/System/Library/Frameworks/ApplicationServices.framework/Versions/A/Frameworks/LangAnalysis.framework/Versions/A/LangAnalysis
0x0000000198d96000 	/System/Library/Frameworks/ApplicationServices.framework/Versions/A/Frameworks/PrintCore.framework/Versions/A/PrintCore
0x000000019a159000 	/System/Library/Frameworks/ApplicationServices.framework/Versions/A/Frameworks/QD.framework/Versions/A/QD
0x0000000199e2a000 	/System/Library/Frameworks/ApplicationServices.framework/Versions/A/Frameworks/SpeechSynthesis.framework/Versions/A/SpeechSynthesis
0x0000000198d57000 	/System/Library/Frameworks/ApplicationServices.framework/Versions/A/Frameworks/ATSUI.framework/Versions/A/ATSUI
0x000000019a0d2000 	/usr/lib/libcups.2.dylib
0x000000019a144000 	/System/Library/PrivateFrameworks/NetAuth.framework/Versions/A/NetAuth
0x000000019a770000 	/System/Library/Frameworks/Kerberos.framework/Versions/A/Kerberos
0x000000019a781000 	/System/Library/Frameworks/GSS.framework/Versions/A/GSS
0x0000000199ead000 	/usr/lib/libresolv.9.dylib
0x000000019873c000 	/System/Library/PrivateFrameworks/Heimdal.framework/Versions/A/Heimdal
0x00000001a003d000 	/System/Library/Frameworks/Kerberos.framework/Versions/A/Libraries/libHeimdalProxy.dylib
0x00000001938f3000 	/System/Library/Frameworks/Network.framework/Versions/A/Network
0x0000000198173000 	/usr/lib/libheimdal-asn1.dylib
0x000000019a7c9000 	/System/Library/PrivateFrameworks/CommonAuth.framework/Versions/A/CommonAuth
0x0000000194565000 	/System/Library/PrivateFrameworks/login.framework/Versions/A/Frameworks/loginsupport.framework/Versions/A/loginsupport
0x0000000199daf000 	/System/Library/PrivateFrameworks/AudioSession.framework/Versions/A/AudioSession
0x0000000199e17000 	/usr/lib/libAudioStatistics.dylib
0x00000001981f3000 	/System/Library/PrivateFrameworks/MediaExperience.framework/Versions/A/MediaExperience
0x0000000199c50000 	/System/Library/PrivateFrameworks/AudioSession.framework/libSessionUtility.dylib
0x000000019a762000 	/usr/lib/libperfcheck.dylib
0x000000019a165000 	/System/Library/PrivateFrameworks/AudioResourceArbitration.framework/Versions/A/AudioResourceArbitration
0x000000019817c000 	/System/Library/PrivateFrameworks/IconFoundation.framework/Versions/A/IconFoundation
0x000000019cc04000 	/System/Library/PrivateFrameworks/SpeechRecognitionCore.framework/Versions/A/SpeechRecognitionCore
0x00000001c944b000 	/System/Library/CoreServices/Encodings/libLatin2Converter.dylib
0x0000000109800000 	/Users/radoslawjaniak/Library/Java/JavaVirtualMachines/azul-16.0.1/Contents/Home/lib/server/libjvm.dylib
0x0000000104f84000 	/Users/radoslawjaniak/Library/Java/JavaVirtualMachines/azul-16.0.1/Contents/Home/lib/libjimage.dylib
0x0000000104fa0000 	/Users/radoslawjaniak/Library/Java/JavaVirtualMachines/azul-16.0.1/Contents/Home/lib/libinstrument.dylib
0x0000000104fb8000 	/Users/radoslawjaniak/Library/Java/JavaVirtualMachines/azul-16.0.1/Contents/Home/lib/libjava.dylib
0x00000001050bc000 	/Users/radoslawjaniak/Library/Java/JavaVirtualMachines/azul-16.0.1/Contents/Home/lib/libzip.dylib
0x00000001050d4000 	/Users/radoslawjaniak/Library/Java/JavaVirtualMachines/azul-16.0.1/Contents/Home/lib/libnio.dylib
0x00000001057dc000 	/Users/radoslawjaniak/Library/Java/JavaVirtualMachines/azul-16.0.1/Contents/Home/lib/libnet.dylib
0x000000012676c000 	/Users/radoslawjaniak/Library/Java/JavaVirtualMachines/azul-16.0.1/Contents/Home/lib/libextnet.dylib
0x0000000126780000 	/Users/radoslawjaniak/Library/Java/JavaVirtualMachines/azul-16.0.1/Contents/Home/lib/libverify.dylib


VM Arguments:
jvm_args: -javaagent:/Applications/IntelliJ IDEA CE.app/Contents/lib/idea_rt.jar=58637:/Applications/IntelliJ IDEA CE.app/Contents/bin -Dfile.encoding=UTF-8 
java_command: com.example.rajkonkret.DatabaseDemo.DatabaseDemoApplication
java_class_path (initial): /Users/radoslawjaniak/Downloads/Database-Demo  2/target/classes:/Users/radoslawjaniak/.m2/repository/org/springframework/boot/spring-boot-starter-data-jpa/2.4.5/spring-boot-starter-data-jpa-2.4.5.jar:/Users/radoslawjaniak/.m2/repository/org/springframework/boot/spring-boot-starter-aop/2.4.5/spring-boot-starter-aop-2.4.5.jar:/Users/radoslawjaniak/.m2/repository/org/springframework/spring-aop/5.3.6/spring-aop-5.3.6.jar:/Users/radoslawjaniak/.m2/repository/org/aspectj/aspectjweaver/1.9.6/aspectjweaver-1.9.6.jar:/Users/radoslawjaniak/.m2/repository/org/springframework/boot/spring-boot-starter-jdbc/2.4.5/spring-boot-starter-jdbc-2.4.5.jar:/Users/radoslawjaniak/.m2/repository/com/zaxxer/HikariCP/3.4.5/HikariCP-3.4.5.jar:/Users/radoslawjaniak/.m2/repository/org/springframework/spring-jdbc/5.3.6/spring-jdbc-5.3.6.jar:/Users/radoslawjaniak/.m2/repository/jakarta/transaction/jakarta.transaction-api/1.3.3/jakarta.transaction-api-1.3.3.jar:/Users/radoslawjaniak/.m2/repository/jakarta/persistence/jakarta.persistence-api/2.2.3/jakarta.persistence-api-2.2.3.jar:/Users/radoslawjaniak/.m2/repository/org/hibernate/hibernate-core/5.4.30.Final/hibernate-core-5.4.30.Final.jar:/Users/radoslawjaniak/.m2/repository/org/jboss/logging/jboss-logging/3.4.1.Final/jboss-logging-3.4.1.Final.jar:/Users/radoslawjaniak/.m2/repository/org/javassist/javassist/3.27.0-GA/javassist-3.27.0-GA.jar:/Users/radoslawjaniak/.m2/repository/net/bytebuddy/byte-buddy/1.10.22/byte-buddy-1.10.22.jar:/Users/radoslawjaniak/.m2/repository/antlr/antlr/2.7.7/antlr-2.7.7.jar:/Users/radoslawjaniak/.m2/repository/org/jboss/jandex/2.2.3.Final/jandex-2.2.3.Final.jar:/Users/radoslawjaniak/.m2/repository/org/dom4j/dom4j/2.1.3/dom4j-2.1.3.jar:/Users/radoslawjaniak/.m2/repository/org/hibernate/common/hibernate-commons-annotations/5.1.2.Final/hibernate-commons-annotations-5.1.2.Final.jar:/Users/radoslawjaniak/.m2/repository/org/glassfish/jaxb/jaxb-runtime/2.3.4/jaxb-runtime-2.3.4.jar:/Users/radoslawjani
Launcher Type: SUN_STANDARD

[Global flags]
     intx CICompilerCount                          = 4                                         {product} {ergonomic}
     uint ConcGCThreads                            = 2                                         {product} {ergonomic}
     uint G1ConcRefinementThreads                  = 8                                         {product} {ergonomic}
   size_t G1HeapRegionSize                         = 1048576                                   {product} {ergonomic}
    uintx GCDrainStackTargetSize                   = 64                                        {product} {ergonomic}
   size_t InitialHeapSize                          = 134217728                                 {product} {ergonomic}
   size_t MarkStackSize                            = 4194304                                   {product} {ergonomic}
   size_t MaxHeapSize                              = 2147483648                                {product} {ergonomic}
   size_t MaxNewSize                               = 1287651328                                {product} {ergonomic}
   size_t MinHeapDeltaBytes                        = 1048576                                   {product} {ergonomic}
   size_t MinHeapSize                              = 8388608                                   {product} {ergonomic}
    uintx NonNMethodCodeHeapSize                   = 5839564                                {pd product} {ergonomic}
    uintx NonProfiledCodeHeapSize                  = 122909338                              {pd product} {ergonomic}
    uintx ProfiledCodeHeapSize                     = 122909338                              {pd product} {ergonomic}
    uintx ReservedCodeCacheSize                    = 251658240                              {pd product} {ergonomic}
     bool SegmentedCodeCache                       = true                                      {product} {ergonomic}
   size_t SoftMaxHeapSize                          = 2147483648                             {manageable} {ergonomic}
     bool UseCompressedClassPointers               = true                           {product lp64_product} {ergonomic}
     bool UseCompressedOops                        = true                           {product lp64_product} {ergonomic}
     bool UseG1GC                                  = true                                      {product} {ergonomic}
     bool UseNUMA                                  = false                                     {product} {ergonomic}
     bool UseNUMAInterleaving                      = false                                     {product} {ergonomic}

Logging:
Log output configuration:
 #0: stdout all=warning uptime,level,tags
 #1: stderr all=off uptime,level,tags

Environment Variables:
PATH=/opt/homebrew/bin:/opt/homebrew/sbin:/opt/homebrew/bin:/opt/homebrew/sbin:/Library/Frameworks/Python.framework/Versions/3.8/bin:/usr/local/bin:/usr/bin:/bin:/usr/sbin:/sbin:/opt/X11/bin:/Library/Apple/usr/bin
SHELL=/bin/zsh
DISPLAY=/private/tmp/com.apple.launchd.iMzwOeyhTN/org.xquartz:0
LC_CTYPE=pl_PL.UTF-8

Signal Handlers:
SIGSEGV: [libjvm.dylib+0x9ace24], sa_mask[0]=11100110000111110111111111111111, sa_flags=SA_ONSTACK|SA_RESTART|SA_SIGINFO
SIGBUS: [libjvm.dylib+0x9ace24], sa_mask[0]=11100110000111110111111111111111, sa_flags=SA_RESTART|SA_SIGINFO
SIGFPE: [libjvm.dylib+0x9ace24], sa_mask[0]=11100110000111110111111111111111, sa_flags=SA_RESTART|SA_SIGINFO
SIGPIPE: [libjvm.dylib+0x8964e0], sa_mask[0]=11100110000111110111111111111111, sa_flags=SA_RESTART|SA_SIGINFO
SIGXFSZ: [libjvm.dylib+0x8964e0], sa_mask[0]=11100110000111110111111111111111, sa_flags=SA_RESTART|SA_SIGINFO
SIGILL: [libjvm.dylib+0x9ace24], sa_mask[0]=11100110000111110111111111111111, sa_flags=SA_RESTART|SA_SIGINFO
SIGUSR2: [libjvm.dylib+0x896f18], sa_mask[0]=00100000000000000000000000000000, sa_flags=SA_RESTART|SA_SIGINFO
SIGHUP: [libjvm.dylib+0x895590], sa_mask[0]=11100110000111110111111111111111, sa_flags=SA_RESTART|SA_SIGINFO
SIGINT: [libjvm.dylib+0x895590], sa_mask[0]=11100110000111110111111111111111, sa_flags=SA_RESTART|SA_SIGINFO
SIGTERM: [libjvm.dylib+0x895590], sa_mask[0]=11100110000111110111111111111111, sa_flags=SA_RESTART|SA_SIGINFO
SIGQUIT: [libjvm.dylib+0x895590], sa_mask[0]=11100110000111110111111111111111, sa_flags=SA_RESTART|SA_SIGINFO
SIGTRAP: [libjvm.dylib+0x9ace24], sa_mask[0]=11100110000111110111111111111111, sa_flags=SA_RESTART|SA_SIGINFO


---------------  S Y S T E M  ---------------

OS:uname: Darwin 20.5.0 Darwin Kernel Version 20.5.0: Sat May  8 05:10:31 PDT 2021; root:xnu-7195.121.3~9/RELEASE_ARM64_T8101 arm64
OS uptime: 0 days 6:36 hours
rlimit (soft/hard): STACK 8176k/65520k , CORE 0k/infinity , NPROC 1333/2000 , NOFILE 10240/infinity , AS infinity/infinity , CPU infinity/infinity , DATA infinity/infinity , FSIZE infinity/infinity , MEMLOCK infinity/infinity , RSS infinity/infinity
load average: 2.48 2.54 2.33

CPU: total 8 (initial active 8) 0x61:0x0:0x1b588bb3:0, simd, crc, lse

Memory: 16k page, physical 8388608k(76432k free), swap 5242880k(1592064k free)

vm_info: OpenJDK 64-Bit Server VM (16.0.1+9) for bsd-aarch64 JRE (16.0.1+9) (Zulu16.30+15-CA), built on Apr 20 2021 17:19:00 by "zulu_re" with clang Apple LLVM 12.0.0 (clang-1200.0.32.28)

END.
